z:\desktop\my_code\game design\fishlime\x64\debug\fishlime.exe
z:\desktop\my_code\game design\fishlime\x64\debug\fishlime.pdb
z:\desktop\my_code\game design\fishlime\fishlime\x64\debug\vc143.pdb
z:\desktop\my_code\game design\fishlime\fishlime\x64\debug\vc143.idb
z:\desktop\my_code\game design\fishlime\fishlime\x64\debug\statestack.obj
z:\desktop\my_code\game design\fishlime\fishlime\x64\debug\savestate.obj
z:\desktop\my_code\game design\fishlime\fishlime\x64\debug\qtemanager.obj
z:\desktop\my_code\game design\fishlime\fishlime\x64\debug\playstate.obj
z:\desktop\my_code\game design\fishlime\fishlime\x64\debug\player.obj
z:\desktop\my_code\game design\fishlime\fishlime\x64\debug\pausestate.obj
z:\desktop\my_code\game design\fishlime\fishlime\x64\debug\movementboundary.obj
z:\desktop\my_code\game design\fishlime\fishlime\x64\debug\menustate.obj
z:\desktop\my_code\game design\fishlime\fishlime\x64\debug\main.obj
z:\desktop\my_code\game design\fishlime\fishlime\x64\debug\loadstate.obj
z:\desktop\my_code\game design\fishlime\fishlime\x64\debug\inventorystate.obj
z:\desktop\my_code\game design\fishlime\fishlime\x64\debug\helpstate.obj
z:\desktop\my_code\game design\fishlime\fishlime\x64\debug\gameobjectmanager.obj
z:\desktop\my_code\game design\fishlime\fishlime\x64\debug\gameobject.obj
z:\desktop\my_code\game design\fishlime\fishlime\x64\debug\game.obj
z:\desktop\my_code\game design\fishlime\fishlime\x64\debug\button.obj
z:\desktop\my_code\game design\fishlime\fishlime\x64\debug\background.obj
z:\desktop\my_code\game design\fishlime\fishlime\x64\debug\audiomanager.obj
z:\desktop\my_code\game design\fishlime\fishlime\x64\debug\animator.obj
z:\desktop\my_code\game design\fishlime\fishlime\x64\debug\fishlime.ilk
z:\desktop\my_code\game design\fishlime\fishlime\x64\debug\fishlime.tlog\link.read.1.tlog
z:\desktop\my_code\game design\fishlime\fishlime\x64\debug\fishlime.tlog\link.command.1.tlog
z:\desktop\my_code\game design\fishlime\fishlime\x64\debug\fishlime.tlog\link.write.1.tlog
z:\desktop\my_code\game design\fishlime\fishlime\x64\debug\fishlime.tlog\cl.read.1.tlog
z:\desktop\my_code\game design\fishlime\fishlime\x64\debug\fishlime.tlog\link.secondary.1.tlog
z:\desktop\my_code\game design\fishlime\fishlime\x64\debug\fishlime.tlog\cl.command.1.tlog
z:\desktop\my_code\game design\fishlime\fishlime\x64\debug\fishlime.tlog\cl.write.1.tlog
z:\desktop\my_code\game design\fishlime\fishlime\x64\debug\fishlime.tlog\cl.items.tlog
