z:\desktop\my_code\game design\fishlime\x64\release\fishlime.exe
z:\desktop\my_code\game design\fishlime\x64\release\fishlime.pdb
z:\desktop\my_code\game design\fishlime\fishlime\x64\release\vc143.pdb
z:\desktop\my_code\game design\fishlime\fishlime\x64\release\statestack.obj
z:\desktop\my_code\game design\fishlime\fishlime\x64\release\savestate.obj
z:\desktop\my_code\game design\fishlime\fishlime\x64\release\qtemanager.obj
z:\desktop\my_code\game design\fishlime\fishlime\x64\release\playstate.obj
z:\desktop\my_code\game design\fishlime\fishlime\x64\release\player.obj
z:\desktop\my_code\game design\fishlime\fishlime\x64\release\pausestate.obj
z:\desktop\my_code\game design\fishlime\fishlime\x64\release\movementboundary.obj
z:\desktop\my_code\game design\fishlime\fishlime\x64\release\menustate.obj
z:\desktop\my_code\game design\fishlime\fishlime\x64\release\main.obj
z:\desktop\my_code\game design\fishlime\fishlime\x64\release\loadstate.obj
z:\desktop\my_code\game design\fishlime\fishlime\x64\release\inventorystate.obj
z:\desktop\my_code\game design\fishlime\fishlime\x64\release\helpstate.obj
z:\desktop\my_code\game design\fishlime\fishlime\x64\release\gameobjectmanager.obj
z:\desktop\my_code\game design\fishlime\fishlime\x64\release\gameobject.obj
z:\desktop\my_code\game design\fishlime\fishlime\x64\release\game.obj
z:\desktop\my_code\game design\fishlime\fishlime\x64\release\button.obj
z:\desktop\my_code\game design\fishlime\fishlime\x64\release\background.obj
z:\desktop\my_code\game design\fishlime\fishlime\x64\release\audiomanager.obj
z:\desktop\my_code\game design\fishlime\fishlime\x64\release\animator.obj
z:\desktop\my_code\game design\fishlime\fishlime\x64\release\fishlime.ipdb
z:\desktop\my_code\game design\fishlime\fishlime\x64\release\fishlime.iobj
z:\desktop\my_code\game design\fishlime\fishlime\x64\release\fishlime.tlog\link.read.1.tlog
z:\desktop\my_code\game design\fishlime\fishlime\x64\release\fishlime.tlog\link.command.1.tlog
z:\desktop\my_code\game design\fishlime\fishlime\x64\release\fishlime.tlog\link.write.1.tlog
z:\desktop\my_code\game design\fishlime\fishlime\x64\release\fishlime.tlog\cl.read.1.tlog
z:\desktop\my_code\game design\fishlime\fishlime\x64\release\fishlime.tlog\link.secondary.1.tlog
z:\desktop\my_code\game design\fishlime\fishlime\x64\release\fishlime.tlog\cl.command.1.tlog
z:\desktop\my_code\game design\fishlime\fishlime\x64\release\fishlime.tlog\cl.write.1.tlog
z:\desktop\my_code\game design\fishlime\fishlime\x64\release\fishlime.tlog\cl.items.tlog
